# JRE version: Java(TM) SE Runtime Environment (8.0_65-b17) (build 1.8.0_65-b17)
# Java VM: Java HotSpot(TM) 64-Bit Server VM (25.65-b01 mixed mode windows-amd64 compressed oops)
Heap:
 PSYoungGen      total 32256K, used 2518K [0x000000076af00000, 0x000000076cf80000, 0x00000007c0000000)
  eden space 31232K, 6% used [0x000000076af00000,0x000000076b0eda30,0x000000076cd80000)
  from space 1024K, 53% used [0x000000076cd80000,0x000000076ce08000,0x000000076ce80000)
  to   space 1024K, 0% used [0x000000076ce80000,0x000000076ce80000,0x000000076cf80000)
 ParOldGen       total 175104K, used 8842K [0x00000006c0c00000, 0x00000006cb700000, 0x000000076af00000)
  object space 175104K, 5% used [0x00000006c0c00000,0x00000006c14a28e8,0x00000006cb700000)
 Metaspace       used 15882K, capacity 16128K, committed 16384K, reserved 1062912K
  class space    used 1907K, capacity 2022K, committed 2048K, reserved 1048576K
GC Heap History (10 events):
Event: 504.519 GC heap before
{Heap before GC invocations=259 (full 0):
 PSYoungGen      total 32256K, used 31744K [0x000000076af00000, 0x000000076cf80000, 0x00000007c0000000)
  eden space 31232K, 100% used [0x000000076af00000,0x000000076cd80000,0x000000076cd80000)
  from space 1024K, 50% used [0x000000076ce80000,0x000000076cf00000,0x000000076cf80000)
  to   space 1024K, 0% used [0x000000076cd80000,0x000000076cd80000,0x000000076ce80000)
 ParOldGen       total 175104K, used 8754K [0x00000006c0c00000, 0x00000006cb700000, 0x000000076af00000)
  object space 175104K, 4% used [0x00000006c0c00000,0x00000006c148c8e8,0x00000006cb700000)
 Metaspace       used 15882K, capacity 16128K, committed 16384K, reserved 1062912K
  class space    used 1907K, capacity 2022K, committed 2048K, reserved 1048576K
Event: 504.522 GC heap after
Heap after GC invocations=259 (full 0):
 PSYoungGen      total 32256K, used 480K [0x000000076af00000, 0x000000076cf80000, 0x00000007c0000000)
  eden space 31232K, 0% used [0x000000076af00000,0x000000076af00000,0x000000076cd80000)
  from space 1024K, 46% used [0x000000076cd80000,0x000000076cdf8000,0x000000076ce80000)
  to   space 1024K, 0% used [0x000000076ce80000,0x000000076ce80000,0x000000076cf80000)
 ParOldGen       total 175104K, used 8770K [0x00000006c0c00000, 0x00000006cb700000, 0x000000076af00000)
  object space 175104K, 5% used [0x00000006c0c00000,0x00000006c14908e8,0x00000006cb700000)
 Metaspace       used 15882K, capacity 16128K, committed 16384K, reserved 1062912K
  class space    used 1907K, capacity 2022K, committed 2048K, reserved 1048576K
}
Event: 506.081 GC heap before
{Heap before GC invocations=260 (full 0):
 PSYoungGen      total 32256K, used 31712K [0x000000076af00000, 0x000000076cf80000, 0x00000007c0000000)
  eden space 31232K, 100% used [0x000000076af00000,0x000000076cd80000,0x000000076cd80000)
  from space 1024K, 46% used [0x000000076cd80000,0x000000076cdf8000,0x000000076ce80000)
  to   space 1024K, 0% used [0x000000076ce80000,0x000000076ce80000,0x000000076cf80000)
 ParOldGen       total 175104K, used 8770K [0x00000006c0c00000, 0x00000006cb700000, 0x000000076af00000)
  object space 175104K, 5% used [0x00000006c0c00000,0x00000006c14908e8,0x00000006cb700000)
 Metaspace       used 15882K, capacity 16128K, committed 16384K, reserved 1062912K
  class space    used 1907K, capacity 2022K, committed 2048K, reserved 1048576K
Event: 506.093 GC heap after
Heap after GC invocations=260 (full 0):
 PSYoungGen      total 32256K, used 512K [0x000000076af00000, 0x000000076cf80000, 0x00000007c0000000)
  eden space 31232K, 0% used [0x000000076af00000,0x000000076af00000,0x000000076cd80000)
  from space 1024K, 50% used [0x000000076ce80000,0x000000076cf00000,0x000000076cf80000)
  to   space 1024K, 0% used [0x000000076cd80000,0x000000076cd80000,0x000000076ce80000)
 ParOldGen       total 175104K, used 8794K [0x00000006c0c00000, 0x00000006cb700000, 0x000000076af00000)
  object space 175104K, 5% used [0x00000006c0c00000,0x00000006c14968e8,0x00000006cb700000)
 Metaspace       used 15882K, capacity 16128K, committed 16384K, reserved 1062912K
  class space    used 1907K, capacity 2022K, committed 2048K, reserved 1048576K
}
Event: 507.692 GC heap before
{Heap before GC invocations=261 (full 0):
 PSYoungGen      total 32256K, used 31744K [0x000000076af00000, 0x000000076cf80000, 0x00000007c0000000)
  eden space 31232K, 100% used [0x000000076af00000,0x000000076cd80000,0x000000076cd80000)
  from space 1024K, 50% used [0x000000076ce80000,0x000000076cf00000,0x000000076cf80000)
  to   space 1024K, 0% used [0x000000076cd80000,0x000000076cd80000,0x000000076ce80000)
 ParOldGen       total 175104K, used 8794K [0x00000006c0c00000, 0x00000006cb700000, 0x000000076af00000)
  object space 175104K, 5% used [0x00000006c0c00000,0x00000006c14968e8,0x00000006cb700000)
 Metaspace       used 15882K, capacity 16128K, committed 16384K, reserved 1062912K
  class space    used 1907K, capacity 2022K, committed 2048K, reserved 1048576K
Event: 507.696 GC heap after
Heap after GC invocations=261 (full 0):
 PSYoungGen      total 32256K, used 512K [0x000000076af00000, 0x000000076cf80000, 0x00000007c0000000)
  eden space 31232K, 0% used [0x000000076af00000,0x000000076af00000,0x000000076cd80000)
  from space 1024K, 50% used [0x000000076cd80000,0x000000076ce00000,0x000000076ce80000)
  to   space 1024K, 0% used [0x000000076ce80000,0x000000076ce80000,0x000000076cf80000)
 ParOldGen       total 175104K, used 8802K [0x00000006c0c00000, 0x00000006cb700000, 0x000000076af00000)
  object space 175104K, 5% used [0x00000006c0c00000,0x00000006c14988e8,0x00000006cb700000)
 Metaspace       used 15882K, capacity 16128K, committed 16384K, reserved 1062912K
  class space    used 1907K, capacity 2022K, committed 2048K, reserved 1048576K
}
Event: 509.324 GC heap before
{Heap before GC invocations=262 (full 0):
 PSYoungGen      total 32256K, used 31744K [0x000000076af00000, 0x000000076cf80000, 0x00000007c0000000)
  eden space 31232K, 100% used [0x000000076af00000,0x000000076cd80000,0x000000076cd80000)
  from space 1024K, 50% used [0x000000076cd80000,0x000000076ce00000,0x000000076ce80000)
  to   space 1024K, 0% used [0x000000076ce80000,0x000000076ce80000,0x000000076cf80000)
 ParOldGen       total 175104K, used 8802K [0x00000006c0c00000, 0x00000006cb700000, 0x000000076af00000)
  object space 175104K, 5% used [0x00000006c0c00000,0x00000006c14988e8,0x00000006cb700000)
 Metaspace       used 15882K, capacity 16128K, committed 16384K, reserved 1062912K
  class space    used 1907K, capacity 2022K, committed 2048K, reserved 1048576K
Event: 509.333 GC heap after
Heap after GC invocations=262 (full 0):
 PSYoungGen      total 32256K, used 512K [0x000000076af00000, 0x000000076cf80000, 0x00000007c0000000)
  eden space 31232K, 0% used [0x000000076af00000,0x000000076af00000,0x000000076cd80000)
  from space 1024K, 50% used [0x000000076ce80000,0x000000076cf00000,0x000000076cf80000)
  to   space 1024K, 0% used [0x000000076cd80000,0x000000076cd80000,0x000000076ce80000)
 ParOldGen       total 175104K, used 8810K [0x00000006c0c00000, 0x00000006cb700000, 0x000000076af00000)
  object space 175104K, 5% used [0x00000006c0c00000,0x00000006c149a8e8,0x00000006cb700000)
 Metaspace       used 15882K, capacity 16128K, committed 16384K, reserved 1062912K
  class space    used 1907K, capacity 2022K, committed 2048K, reserved 1048576K
}
Event: 510.945 GC heap before
{Heap before GC invocations=263 (full 0):
 PSYoungGen      total 32256K, used 31744K [0x000000076af00000, 0x000000076cf80000, 0x00000007c0000000)
  eden space 31232K, 100% used [0x000000076af00000,0x000000076cd80000,0x000000076cd80000)
  from space 1024K, 50% used [0x000000076ce80000,0x000000076cf00000,0x000000076cf80000)
  to   space 1024K, 0% used [0x000000076cd80000,0x000000076cd80000,0x000000076ce80000)
 ParOldGen       total 175104K, used 8810K [0x00000006c0c00000, 0x00000006cb700000, 0x000000076af00000)
  object space 175104K, 5% used [0x00000006c0c00000,0x00000006c149a8e8,0x00000006cb700000)
 Metaspace       used 15882K, capacity 16128K, committed 16384K, reserved 1062912K
  class space    used 1907K, capacity 2022K, committed 2048K, reserved 1048576K
Event: 510.955 GC heap after
Heap after GC invocations=263 (full 0):
 PSYoungGen      total 32256K, used 544K [0x000000076af00000, 0x000000076cf80000, 0x00000007c0000000)
  eden space 31232K, 0% used [0x000000076af00000,0x000000076af00000,0x000000076cd80000)
  from space 1024K, 53% used [0x000000076cd80000,0x000000076ce08000,0x000000076ce80000)
  to   space 1024K, 0% used [0x000000076ce80000,0x000000076ce80000,0x000000076cf80000)
 ParOldGen       total 175104K, used 8842K [0x00000006c0c00000, 0x00000006cb700000, 0x000000076af00000)
  object space 175104K, 5% used [0x00000006c0c00000,0x00000006c14a28e8,0x00000006cb700000)
 Metaspace       used 15882K, capacity 16128K, committed 16384K, reserved 1062912K
  class space    used 1907K, capacity 2022K, committed 2048K, reserved 1048576K
}

