# JRE version: Java(TM) SE Runtime Environment (8.0_65-b17) (build 1.8.0_65-b17)
# Java VM: Java HotSpot(TM) 64-Bit Server VM (25.65-b01 mixed mode windows-amd64 compressed oops)
Heap:
 PSYoungGen      total 28672K, used 26105K [0x000000076af00000, 0x000000076d380000, 0x00000007c0000000)
  eden space 27648K, 92% used [0x000000076af00000,0x000000076c7de640,0x000000076ca00000)
  from space 1024K, 62% used [0x000000076d200000,0x000000076d2a0000,0x000000076d300000)
  to   space 512K, 0% used [0x000000076d300000,0x000000076d300000,0x000000076d380000)
 ParOldGen       total 49664K, used 31637K [0x00000006c0c00000, 0x00000006c3c80000, 0x000000076af00000)
  object space 49664K, 63% used [0x00000006c0c00000,0x00000006c2ae54d0,0x00000006c3c80000)
 Metaspace       used 18849K, capacity 19222K, committed 19328K, reserved 1067008K
  class space    used 2258K, capacity 2398K, committed 2432K, reserved 1048576K
GC Heap History (10 events):
Event: 42120.819 GC heap before
{Heap before GC invocations=26346 (full 21):
 PSYoungGen      total 30720K, used 30720K [0x000000076af00000, 0x000000076d480000, 0x00000007c0000000)
  eden space 30208K, 100% used [0x000000076af00000,0x000000076cc80000,0x000000076cc80000)
  from space 512K, 100% used [0x000000076d400000,0x000000076d480000,0x000000076d480000)
  to   space 1024K, 0% used [0x000000076d280000,0x000000076d280000,0x000000076d380000)
 ParOldGen       total 49664K, used 31453K [0x00000006c0c00000, 0x00000006c3c80000, 0x000000076af00000)
  object space 49664K, 63% used [0x00000006c0c00000,0x00000006c2ab74d0,0x00000006c3c80000)
 Metaspace       used 18849K, capacity 19222K, committed 19328K, reserved 1067008K
  class space    used 2258K, capacity 2398K, committed 2432K, reserved 1048576K
Event: 42120.832 GC heap after
Heap after GC invocations=26346 (full 21):
 PSYoungGen      total 30720K, used 640K [0x000000076af00000, 0x000000076d480000, 0x00000007c0000000)
  eden space 29696K, 0% used [0x000000076af00000,0x000000076af00000,0x000000076cc00000)
  from space 1024K, 62% used [0x000000076d280000,0x000000076d320000,0x000000076d380000)
  to   space 1024K, 0% used [0x000000076d380000,0x000000076d380000,0x000000076d480000)
 ParOldGen       total 49664K, used 31493K [0x00000006c0c00000, 0x00000006c3c80000, 0x000000076af00000)
  object space 49664K, 63% used [0x00000006c0c00000,0x00000006c2ac14d0,0x00000006c3c80000)
 Metaspace       used 18849K, capacity 19222K, committed 19328K, reserved 1067008K
  class space    used 2258K, capacity 2398K, committed 2432K, reserved 1048576K
}
Event: 42122.249 GC heap before
{Heap before GC invocations=26347 (full 21):
 PSYoungGen      total 30720K, used 30331K [0x000000076af00000, 0x000000076d480000, 0x00000007c0000000)
  eden space 29696K, 99% used [0x000000076af00000,0x000000076cbfec70,0x000000076cc00000)
  from space 1024K, 62% used [0x000000076d280000,0x000000076d320000,0x000000076d380000)
  to   space 1024K, 0% used [0x000000076d380000,0x000000076d380000,0x000000076d480000)
 ParOldGen       total 49664K, used 31493K [0x00000006c0c00000, 0x00000006c3c80000, 0x000000076af00000)
  object space 49664K, 63% used [0x00000006c0c00000,0x00000006c2ac14d0,0x00000006c3c80000)
 Metaspace       used 18849K, capacity 19222K, committed 19328K, reserved 1067008K
  class space    used 2258K, capacity 2398K, committed 2432K, reserved 1048576K
Event: 42122.262 GC heap after
Heap after GC invocations=26347 (full 21):
 PSYoungGen      total 30208K, used 576K [0x000000076af00000, 0x000000076d480000, 0x00000007c0000000)
  eden space 29184K, 0% used [0x000000076af00000,0x000000076af00000,0x000000076cb80000)
  from space 1024K, 56% used [0x000000076d380000,0x000000076d410000,0x000000076d480000)
  to   space 1024K, 0% used [0x000000076d280000,0x000000076d280000,0x000000076d380000)
 ParOldGen       total 49664K, used 31525K [0x00000006c0c00000, 0x00000006c3c80000, 0x000000076af00000)
  object space 49664K, 63% used [0x00000006c0c00000,0x00000006c2ac94d0,0x00000006c3c80000)
 Metaspace       used 18849K, capacity 19222K, committed 19328K, reserved 1067008K
  class space    used 2258K, capacity 2398K, committed 2432K, reserved 1048576K
}
Event: 42123.577 GC heap before
{Heap before GC invocations=26348 (full 21):
 PSYoungGen      total 30208K, used 29760K [0x000000076af00000, 0x000000076d480000, 0x00000007c0000000)
  eden space 29184K, 100% used [0x000000076af00000,0x000000076cb80000,0x000000076cb80000)
  from space 1024K, 56% used [0x000000076d380000,0x000000076d410000,0x000000076d480000)
  to   space 1024K, 0% used [0x000000076d280000,0x000000076d280000,0x000000076d380000)
 ParOldGen       total 49664K, used 31525K [0x00000006c0c00000, 0x00000006c3c80000, 0x000000076af00000)
  object space 49664K, 63% used [0x00000006c0c00000,0x00000006c2ac94d0,0x00000006c3c80000)
 Metaspace       used 18849K, capacity 19222K, committed 19328K, reserved 1067008K
  class space    used 2258K, capacity 2398K, committed 2432K, reserved 1048576K
Event: 42123.584 GC heap after
Heap after GC invocations=26348 (full 21):
 PSYoungGen      total 29184K, used 512K [0x000000076af00000, 0x000000076d400000, 0x00000007c0000000)
  eden space 28672K, 0% used [0x000000076af00000,0x000000076af00000,0x000000076cb00000)
  from space 512K, 100% used [0x000000076d280000,0x000000076d300000,0x000000076d300000)
  to   space 1024K, 0% used [0x000000076d300000,0x000000076d300000,0x000000076d400000)
 ParOldGen       total 49664K, used 31549K [0x00000006c0c00000, 0x00000006c3c80000, 0x000000076af00000)
  object space 49664K, 63% used [0x00000006c0c00000,0x00000006c2acf4d0,0x00000006c3c80000)
 Metaspace       used 18849K, capacity 19222K, committed 19328K, reserved 1067008K
  class space    used 2258K, capacity 2398K, committed 2432K, reserved 1048576K
}
Event: 42124.955 GC heap before
{Heap before GC invocations=26349 (full 21):
 PSYoungGen      total 29184K, used 29184K [0x000000076af00000, 0x000000076d400000, 0x00000007c0000000)
  eden space 28672K, 100% used [0x000000076af00000,0x000000076cb00000,0x000000076cb00000)
  from space 512K, 100% used [0x000000076d280000,0x000000076d300000,0x000000076d300000)
  to   space 1024K, 0% used [0x000000076d300000,0x000000076d300000,0x000000076d400000)
 ParOldGen       total 49664K, used 31549K [0x00000006c0c00000, 0x00000006c3c80000, 0x000000076af00000)
  object space 49664K, 63% used [0x00000006c0c00000,0x00000006c2acf4d0,0x00000006c3c80000)
 Metaspace       used 18849K, capacity 19222K, committed 19328K, reserved 1067008K
  class space    used 2258K, capacity 2398K, committed 2432K, reserved 1048576K
Event: 42124.962 GC heap after
Heap after GC invocations=26349 (full 21):
 PSYoungGen      total 29184K, used 576K [0x000000076af00000, 0x000000076d400000, 0x00000007c0000000)
  eden space 28160K, 0% used [0x000000076af00000,0x000000076af00000,0x000000076ca80000)
  from space 1024K, 56% used [0x000000076d300000,0x000000076d390000,0x000000076d400000)
  to   space 1024K, 0% used [0x000000076d200000,0x000000076d200000,0x000000076d300000)
 ParOldGen       total 49664K, used 31597K [0x00000006c0c00000, 0x00000006c3c80000, 0x000000076af00000)
  object space 49664K, 63% used [0x00000006c0c00000,0x00000006c2adb4d0,0x00000006c3c80000)
 Metaspace       used 18849K, capacity 19222K, committed 19328K, reserved 1067008K
  class space    used 2258K, capacity 2398K, committed 2432K, reserved 1048576K
}
Event: 42126.247 GC heap before
{Heap before GC invocations=26350 (full 21):
 PSYoungGen      total 29184K, used 28736K [0x000000076af00000, 0x000000076d400000, 0x00000007c0000000)
  eden space 28160K, 100% used [0x000000076af00000,0x000000076ca80000,0x000000076ca80000)
  from space 1024K, 56% used [0x000000076d300000,0x000000076d390000,0x000000076d400000)
  to   space 1024K, 0% used [0x000000076d200000,0x000000076d200000,0x000000076d300000)
 ParOldGen       total 49664K, used 31597K [0x00000006c0c00000, 0x00000006c3c80000, 0x000000076af00000)
  object space 49664K, 63% used [0x00000006c0c00000,0x00000006c2adb4d0,0x00000006c3c80000)
 Metaspace       used 18849K, capacity 19222K, committed 19328K, reserved 1067008K
  class space    used 2258K, capacity 2398K, committed 2432K, reserved 1048576K
Event: 42126.269 GC heap after
Heap after GC invocations=26350 (full 21):
 PSYoungGen      total 28672K, used 640K [0x000000076af00000, 0x000000076d380000, 0x00000007c0000000)
  eden space 27648K, 0% used [0x000000076af00000,0x000000076af00000,0x000000076ca00000)
  from space 1024K, 62% used [0x000000076d200000,0x000000076d2a0000,0x000000076d300000)
  to   space 512K, 0% used [0x000000076d300000,0x000000076d300000,0x000000076d380000)
 ParOldGen       total 49664K, used 31637K [0x00000006c0c00000, 0x00000006c3c80000, 0x000000076af00000)
  object space 49664K, 63% used [0x00000006c0c00000,0x00000006c2ae54d0,0x00000006c3c80000)
 Metaspace       used 18849K, capacity 19222K, committed 19328K, reserved 1067008K
  class space    used 2258K, capacity 2398K, committed 2432K, reserved 1048576K
}

