# JRE version: Java(TM) SE Runtime Environment (8.0_65-b17) (build 1.8.0_65-b17)
# Java VM: Java HotSpot(TM) 64-Bit Server VM (25.65-b01 mixed mode windows-amd64 compressed oops)
Heap:
 PSYoungGen      total 32256K, used 1566K [0x000000076af00000, 0x000000076cf80000, 0x00000007c0000000)
  eden space 31232K, 3% used [0x000000076af00000,0x000000076aff7b30,0x000000076cd80000)
  from space 1024K, 56% used [0x000000076ce80000,0x000000076cf10000,0x000000076cf80000)
  to   space 1024K, 0% used [0x000000076cd80000,0x000000076cd80000,0x000000076ce80000)
 ParOldGen       total 175104K, used 126438K [0x00000006c0c00000, 0x00000006cb700000, 0x000000076af00000)
  object space 175104K, 72% used [0x00000006c0c00000,0x00000006c8779928,0x00000006cb700000)
 Metaspace       used 15901K, capacity 16128K, committed 16384K, reserved 1062912K
  class space    used 1907K, capacity 2022K, committed 2048K, reserved 1048576K
GC Heap History (10 events):
Event: 12221.673 GC heap before
{Heap before GC invocations=7888 (full 0):
 PSYoungGen      total 32256K, used 31872K [0x000000076af00000, 0x000000076cf80000, 0x00000007c0000000)
  eden space 31232K, 100% used [0x000000076af00000,0x000000076cd80000,0x000000076cd80000)
  from space 1024K, 62% used [0x000000076cd80000,0x000000076ce20000,0x000000076ce80000)
  to   space 1024K, 0% used [0x000000076ce80000,0x000000076ce80000,0x000000076cf80000)
 ParOldGen       total 175104K, used 126366K [0x00000006c0c00000, 0x00000006cb700000, 0x000000076af00000)
  object space 175104K, 72% used [0x00000006c0c00000,0x00000006c8767928,0x00000006cb700000)
 Metaspace       used 15901K, capacity 16128K, committed 16384K, reserved 1062912K
  class space    used 1907K, capacity 2022K, committed 2048K, reserved 1048576K
Event: 12221.674 GC heap after
Heap after GC invocations=7888 (full 0):
 PSYoungGen      total 32256K, used 512K [0x000000076af00000, 0x000000076cf80000, 0x00000007c0000000)
  eden space 31232K, 0% used [0x000000076af00000,0x000000076af00000,0x000000076cd80000)
  from space 1024K, 50% used [0x000000076ce80000,0x000000076cf00000,0x000000076cf80000)
  to   space 1024K, 0% used [0x000000076cd80000,0x000000076cd80000,0x000000076ce80000)
 ParOldGen       total 175104K, used 126382K [0x00000006c0c00000, 0x00000006cb700000, 0x000000076af00000)
  object space 175104K, 72% used [0x00000006c0c00000,0x00000006c876b928,0x00000006cb700000)
 Metaspace       used 15901K, capacity 16128K, committed 16384K, reserved 1062912K
  class space    used 1907K, capacity 2022K, committed 2048K, reserved 1048576K
}
Event: 12223.180 GC heap before
{Heap before GC invocations=7889 (full 0):
 PSYoungGen      total 32256K, used 31744K [0x000000076af00000, 0x000000076cf80000, 0x00000007c0000000)
  eden space 31232K, 100% used [0x000000076af00000,0x000000076cd80000,0x000000076cd80000)
  from space 1024K, 50% used [0x000000076ce80000,0x000000076cf00000,0x000000076cf80000)
  to   space 1024K, 0% used [0x000000076cd80000,0x000000076cd80000,0x000000076ce80000)
 ParOldGen       total 175104K, used 126382K [0x00000006c0c00000, 0x00000006cb700000, 0x000000076af00000)
  object space 175104K, 72% used [0x00000006c0c00000,0x00000006c876b928,0x00000006cb700000)
 Metaspace       used 15901K, capacity 16128K, committed 16384K, reserved 1062912K
  class space    used 1907K, capacity 2022K, committed 2048K, reserved 1048576K
Event: 12223.190 GC heap after
Heap after GC invocations=7889 (full 0):
 PSYoungGen      total 32256K, used 576K [0x000000076af00000, 0x000000076cf80000, 0x00000007c0000000)
  eden space 31232K, 0% used [0x000000076af00000,0x000000076af00000,0x000000076cd80000)
  from space 1024K, 56% used [0x000000076cd80000,0x000000076ce10000,0x000000076ce80000)
  to   space 1024K, 0% used [0x000000076ce80000,0x000000076ce80000,0x000000076cf80000)
 ParOldGen       total 175104K, used 126390K [0x00000006c0c00000, 0x00000006cb700000, 0x000000076af00000)
  object space 175104K, 72% used [0x00000006c0c00000,0x00000006c876d928,0x00000006cb700000)
 Metaspace       used 15901K, capacity 16128K, committed 16384K, reserved 1062912K
  class space    used 1907K, capacity 2022K, committed 2048K, reserved 1048576K
}
Event: 12224.684 GC heap before
{Heap before GC invocations=7890 (full 0):
 PSYoungGen      total 32256K, used 31808K [0x000000076af00000, 0x000000076cf80000, 0x00000007c0000000)
  eden space 31232K, 100% used [0x000000076af00000,0x000000076cd80000,0x000000076cd80000)
  from space 1024K, 56% used [0x000000076cd80000,0x000000076ce10000,0x000000076ce80000)
  to   space 1024K, 0% used [0x000000076ce80000,0x000000076ce80000,0x000000076cf80000)
 ParOldGen       total 175104K, used 126390K [0x00000006c0c00000, 0x00000006cb700000, 0x000000076af00000)
  object space 175104K, 72% used [0x00000006c0c00000,0x00000006c876d928,0x00000006cb700000)
 Metaspace       used 15901K, capacity 16128K, committed 16384K, reserved 1062912K
  class space    used 1907K, capacity 2022K, committed 2048K, reserved 1048576K
Event: 12224.693 GC heap after
Heap after GC invocations=7890 (full 0):
 PSYoungGen      total 32256K, used 608K [0x000000076af00000, 0x000000076cf80000, 0x00000007c0000000)
  eden space 31232K, 0% used [0x000000076af00000,0x000000076af00000,0x000000076cd80000)
  from space 1024K, 59% used [0x000000076ce80000,0x000000076cf18000,0x000000076cf80000)
  to   space 1024K, 0% used [0x000000076cd80000,0x000000076cd80000,0x000000076ce80000)
 ParOldGen       total 175104K, used 126398K [0x00000006c0c00000, 0x00000006cb700000, 0x000000076af00000)
  object space 175104K, 72% used [0x00000006c0c00000,0x00000006c876f928,0x00000006cb700000)
 Metaspace       used 15901K, capacity 16128K, committed 16384K, reserved 1062912K
  class space    used 1907K, capacity 2022K, committed 2048K, reserved 1048576K
}
Event: 12226.265 GC heap before
{Heap before GC invocations=7891 (full 0):
 PSYoungGen      total 32256K, used 31840K [0x000000076af00000, 0x000000076cf80000, 0x00000007c0000000)
  eden space 31232K, 100% used [0x000000076af00000,0x000000076cd80000,0x000000076cd80000)
  from space 1024K, 59% used [0x000000076ce80000,0x000000076cf18000,0x000000076cf80000)
  to   space 1024K, 0% used [0x000000076cd80000,0x000000076cd80000,0x000000076ce80000)
 ParOldGen       total 175104K, used 126398K [0x00000006c0c00000, 0x00000006cb700000, 0x000000076af00000)
  object space 175104K, 72% used [0x00000006c0c00000,0x00000006c876f928,0x00000006cb700000)
 Metaspace       used 15901K, capacity 16128K, committed 16384K, reserved 1062912K
  class space    used 1907K, capacity 2022K, committed 2048K, reserved 1048576K
Event: 12226.271 GC heap after
Heap after GC invocations=7891 (full 0):
 PSYoungGen      total 32256K, used 544K [0x000000076af00000, 0x000000076cf80000, 0x00000007c0000000)
  eden space 31232K, 0% used [0x000000076af00000,0x000000076af00000,0x000000076cd80000)
  from space 1024K, 53% used [0x000000076cd80000,0x000000076ce08000,0x000000076ce80000)
  to   space 1024K, 0% used [0x000000076ce80000,0x000000076ce80000,0x000000076cf80000)
 ParOldGen       total 175104K, used 126406K [0x00000006c0c00000, 0x00000006cb700000, 0x000000076af00000)
  object space 175104K, 72% used [0x00000006c0c00000,0x00000006c8771928,0x00000006cb700000)
 Metaspace       used 15901K, capacity 16128K, committed 16384K, reserved 1062912K
  class space    used 1907K, capacity 2022K, committed 2048K, reserved 1048576K
}
Event: 12227.791 GC heap before
{Heap before GC invocations=7892 (full 0):
 PSYoungGen      total 32256K, used 31774K [0x000000076af00000, 0x000000076cf80000, 0x00000007c0000000)
  eden space 31232K, 99% used [0x000000076af00000,0x000000076cd7fb20,0x000000076cd80000)
  from space 1024K, 53% used [0x000000076cd80000,0x000000076ce08000,0x000000076ce80000)
  to   space 1024K, 0% used [0x000000076ce80000,0x000000076ce80000,0x000000076cf80000)
 ParOldGen       total 175104K, used 126406K [0x00000006c0c00000, 0x00000006cb700000, 0x000000076af00000)
  object space 175104K, 72% used [0x00000006c0c00000,0x00000006c8771928,0x00000006cb700000)
 Metaspace       used 15901K, capacity 16128K, committed 16384K, reserved 1062912K
  class space    used 1907K, capacity 2022K, committed 2048K, reserved 1048576K
Event: 12227.803 GC heap after
Heap after GC invocations=7892 (full 0):
 PSYoungGen      total 32256K, used 576K [0x000000076af00000, 0x000000076cf80000, 0x00000007c0000000)
  eden space 31232K, 0% used [0x000000076af00000,0x000000076af00000,0x000000076cd80000)
  from space 1024K, 56% used [0x000000076ce80000,0x000000076cf10000,0x000000076cf80000)
  to   space 1024K, 0% used [0x000000076cd80000,0x000000076cd80000,0x000000076ce80000)
 ParOldGen       total 175104K, used 126438K [0x00000006c0c00000, 0x00000006cb700000, 0x000000076af00000)
  object space 175104K, 72% used [0x00000006c0c00000,0x00000006c8779928,0x00000006cb700000)
 Metaspace       used 15901K, capacity 16128K, committed 16384K, reserved 1062912K
  class space    used 1907K, capacity 2022K, committed 2048K, reserved 1048576K
}

